#
# There is insufficient memory for the Java Runtime Environment to continue.
# Native memory allocation (mmap) failed to map 266338304 bytes. Error detail: G1 virtual space
# Possible reasons:
#   The system is out of physical RAM or swap space
#   This process is running with CompressedOops enabled, and the Java Heap may be blocking the growth of the native heap
# Possible solutions:
#   Reduce memory load on the system
#   Increase physical memory or swap space
#   Check if swap backing store is full
#   Decrease Java heap size (-Xmx/-Xms)
#   Decrease number of Java threads
#   Decrease Java thread stack sizes (-Xss)
#   Set larger code cache with -XX:ReservedCodeCacheSize=
#   JVM is running with Zero Based Compressed Oops mode in which the Java heap is
#     placed in the first 32GB address space. The Java Heap base address is the
#     maximum limit for the native heap growth. Please use -XX:HeapBaseMinAddress
#     to set the Java Heap base and to place the Java Heap above 32GB virtual address.
# This output file may be truncated or incomplete.
#
#  Out of Memory Error (os_windows.cpp:3925), pid=10404, tid=16844
#
# JRE version:  (21.0.8) (build )
# Java VM: OpenJDK 64-Bit Server VM (21.0.8+-14018985-b1038.68, mixed mode, sharing, tiered, compressed oops, compressed class ptrs, g1 gc, windows-amd64)
# No core dump will be written. Minidumps are not enabled by default on client versions of Windows
#

---------------  S U M M A R Y ------------

Command Line: org.jetbrains.kotlin.cli.jvm.K2JVMCompiler @C:\Users\Hanif\AndroidStudioProjects\homi-project\mobile\homiapps\app\build\20260105_12877708670102911103.compiler.options

Host: 11th Gen Intel(R) Core(TM) i5-11320H @ 3.20GHz, 8 cores, 15G,  Windows 11 , 64 bit Build 22621 (10.0.22621.5415)
Time: Mon Jan  5 21:17:39 2026 SE Asia Standard Time elapsed time: 0.007464 seconds (0d 0h 0m 0s)

---------------  T H R E A D  ---------------

Current thread (0x0000017f920ffa70):  JavaThread "Unknown thread" [_thread_in_vm, id=16844, stack(0x0000004a4fe00000,0x0000004a4ff00000) (1024K)]

Stack: [0x0000004a4fe00000,0x0000004a4ff00000]
Native frames: (J=compiled Java code, j=interpreted, Vv=VM code, C=native code)
V  [jvm.dll+0x6d68d9]
V  [jvm.dll+0x866693]
V  [jvm.dll+0x868c4e]
V  [jvm.dll+0x869333]
V  [jvm.dll+0x280566]
V  [jvm.dll+0x6d3195]
V  [jvm.dll+0x6c69ea]
V  [jvm.dll+0x3586db]
V  [jvm.dll+0x360336]
V  [jvm.dll+0x3b23f6]
V  [jvm.dll+0x3b26c8]
V  [jvm.dll+0x32ae6c]
V  [jvm.dll+0x32bb5b]
V  [jvm.dll+0x82e109]
V  [jvm.dll+0x3bf5c8]
V  [jvm.dll+0x817388]
V  [jvm.dll+0x453b6e]
V  [jvm.dll+0x4552d1]
C  [jli.dll+0x52ab]
C  [ucrtbase.dll+0x29333]
C  [KERNEL32.DLL+0x1259d]
C  [ntdll.dll+0x5af78]


---------------  P R O C E S S  ---------------

Threads class SMR info:
_java_thread_list=0x00007ff891e7b988, length=0, elements={
}

Java Threads: ( => current thread )
Total: 0

Other Threads:
  0x0000017f94430c10 WorkerThread "GC Thread#0"                     [id=12268, stack(0x0000004a4ff00000,0x0000004a50000000) (1024K)]
  0x0000017f94442a00 ConcurrentGCThread "G1 Main Marker"            [id=21396, stack(0x0000004a50000000,0x0000004a50100000) (1024K)]
  0x0000017f94443ca0 WorkerThread "G1 Conc#0"                       [id=13088, stack(0x0000004a50100000,0x0000004a50200000) (1024K)]

[error occurred during error reporting (printing all threads), id 0xc0000005, EXCEPTION_ACCESS_VIOLATION (0xc0000005) at pc=0x00007ff89166ddd7]
VM state: not at safepoint (not fully initialized)

VM Mutex/Monitor currently owned by a thread:  ([mutex/lock_event])
[0x00007ff891ee86b8] Heap_lock - owner thread: 0x0000017f920ffa70

Heap address: 0x0000000703600000, size: 4042 MB, Compressed Oops mode: Zero based, Oop shift amount: 3

CDS archive(s) mapped at: [0x0000000000000000-0x0000000000000000-0x0000000000000000), size 0, SharedBaseAddress: 0x0000000800000000, ArchiveRelocationMode: 1.
Narrow klass base: 0x0000000000000000, Narrow klass shift: 0, Narrow klass range: 0x0

GC Precious Log:
 CardTable entry size: 512
 Card Set container configuration: InlinePtr #cards 4 size 8 Array Of Cards #cards 16 size 48 Howl #buckets 8 coarsen threshold 3686 Howl Bitmap #cards 512 size 80 coarsen threshold 460 Card regions per heap region 1 cards per card region 4096

Heap:
 garbage-first heap   total 0K, used 0K [0x0000000703600000, 0x0000000800000000)
  region size 2048K, 0 young (0K), 0 survivors (0K)
 Metaspace       used 0K, committed 0K, reserved 0K
  class space    used 0K, committed 0K, reserved 0K

Heap Regions: E=young(eden), S=young(survivor), O=old, HS=humongous(starts), HC=humongous(continues), CS=collection set, F=free, TAMS=top-at-mark-start, PB=parsable bottom

Card table byte_map: [0x0000017fa7050000,0x0000017fa7840000] _byte_map_base: 0x0000017fa3835000

Marking Bits: (CMBitMap*) 0x0000017f94431310
 Bits: [0x0000017fa7840000, 0x0000017fab768000)

GC Heap History (0 events):
No events

Dll operation events (1 events):
Event: 0.005 Loaded shared library D:\Android Studio\jbr\bin\java.dll

Deoptimization events (0 events):
No events

Classes loaded (0 events):
No events

Classes unloaded (0 events):
No events

Classes redefined (0 events):
No events

Internal exceptions (0 events):
No events

ZGC Phase Switch (0 events):
No events

VM Operations (0 events):
No events

Memory protections (0 events):
No events

Nmethod flushes (0 events):
No events

Events (0 events):
No events


Dynamic libraries:
0x00007ff686420000 - 0x00007ff68642a000 	D:\Android Studio\jbr\bin\java.exe
0x00007ff930e10000 - 0x00007ff931028000 	C:\WINDOWS\SYSTEM32\ntdll.dll
0x00007ff92f040000 - 0x00007ff92f104000 	C:\WINDOWS\System32\KERNEL32.DLL
0x00007ff92e320000 - 0x00007ff92e6f3000 	C:\WINDOWS\System32\KERNELBASE.dll
0x00007ff92e8f0000 - 0x00007ff92ea01000 	C:\WINDOWS\System32\ucrtbase.dll
0x00007ff900690000 - 0x00007ff9006a8000 	D:\Android Studio\jbr\bin\jli.dll
0x00007ff926ca0000 - 0x00007ff926cbb000 	D:\Android Studio\jbr\bin\VCRUNTIME140.dll
0x00007ff92f6e0000 - 0x00007ff92f892000 	C:\WINDOWS\System32\USER32.dll
0x00007ff92e2f0000 - 0x00007ff92e316000 	C:\WINDOWS\System32\win32u.dll
0x00007ff9180b0000 - 0x00007ff91834c000 	C:\WINDOWS\WinSxS\amd64_microsoft.windows.common-controls_6595b64144ccf1df_6.0.22621.6060_none_2712eda17382d24b\COMCTL32.dll
0x00007ff92fc70000 - 0x00007ff92fc99000 	C:\WINDOWS\System32\GDI32.dll
0x00007ff930c60000 - 0x00007ff930d07000 	C:\WINDOWS\System32\msvcrt.dll
0x00007ff92e060000 - 0x00007ff92e17b000 	C:\WINDOWS\System32\gdi32full.dll
0x00007ff92ea10000 - 0x00007ff92eaaa000 	C:\WINDOWS\System32\msvcp_win.dll
0x00007ff92fd30000 - 0x00007ff92fd61000 	C:\WINDOWS\System32\IMM32.DLL
0x00007ff918c30000 - 0x00007ff918c3c000 	D:\Android Studio\jbr\bin\vcruntime140_1.dll
0x00007ff8efa80000 - 0x00007ff8efb0d000 	D:\Android Studio\jbr\bin\msvcp140.dll
0x00007ff891330000 - 0x00007ff891fc6000 	D:\Android Studio\jbr\bin\server\jvm.dll
0x00007ff92ef80000 - 0x00007ff92f031000 	C:\WINDOWS\System32\ADVAPI32.dll
0x00007ff92f270000 - 0x00007ff92f318000 	C:\WINDOWS\System32\sechost.dll
0x00007ff92e2c0000 - 0x00007ff92e2e8000 	C:\WINDOWS\System32\bcrypt.dll
0x00007ff92f5c0000 - 0x00007ff92f6d8000 	C:\WINDOWS\System32\RPCRT4.dll
0x00007ff92fde0000 - 0x00007ff92fe51000 	C:\WINDOWS\System32\WS2_32.dll
0x00007ff92cd30000 - 0x00007ff92cd7d000 	C:\WINDOWS\SYSTEM32\POWRPROF.dll
0x00007ff926820000 - 0x00007ff926854000 	C:\WINDOWS\SYSTEM32\WINMM.dll
0x00007ff925ed0000 - 0x00007ff925eda000 	C:\WINDOWS\SYSTEM32\VERSION.dll
0x00007ff92cd10000 - 0x00007ff92cd23000 	C:\WINDOWS\SYSTEM32\UMPDC.dll
0x00007ff92cfb0000 - 0x00007ff92cfc8000 	C:\WINDOWS\SYSTEM32\kernel.appcore.dll
0x00007ff918c20000 - 0x00007ff918c2a000 	D:\Android Studio\jbr\bin\jimage.dll
0x00007ff92b090000 - 0x00007ff92b2c3000 	C:\WINDOWS\SYSTEM32\DBGHELP.DLL
0x00007ff92eab0000 - 0x00007ff92ee41000 	C:\WINDOWS\System32\combase.dll
0x00007ff92f320000 - 0x00007ff92f3f8000 	C:\WINDOWS\System32\OLEAUT32.dll
0x00007ff918e80000 - 0x00007ff918eb2000 	C:\WINDOWS\SYSTEM32\dbgcore.DLL
0x00007ff92dfe0000 - 0x00007ff92e05b000 	C:\WINDOWS\System32\bcryptPrimitives.dll
0x00007ff918c00000 - 0x00007ff918c20000 	D:\Android Studio\jbr\bin\java.dll

JVMTI agents: none

dbghelp: loaded successfully - version: 4.0.5 - missing functions: none
symbol engine: initialized successfully - sym options: 0x614 - pdb path: .;D:\Android Studio\jbr\bin;C:\WINDOWS\SYSTEM32;C:\WINDOWS\WinSxS\amd64_microsoft.windows.common-controls_6595b64144ccf1df_6.0.22621.6060_none_2712eda17382d24b;D:\Android Studio\jbr\bin\server

VM Arguments:
java_command: org.jetbrains.kotlin.cli.jvm.K2JVMCompiler @C:\Users\Hanif\AndroidStudioProjects\homi-project\mobile\homiapps\app\build\20260105_12877708670102911103.compiler.options
java_class_path (initial): C:\Users\Hanif\.gradle\caches\modules-2\files-2.1\org.jetbrains.kotlin\kotlin-compiler-embeddable\2.0.21\79346ed53db48b18312a472602eb5c057070c54d\kotlin-compiler-embeddable-2.0.21.jar;C:\Users\Hanif\.gradle\caches\modules-2\files-2.1\org.jetbrains.kotlin\kotlin-stdlib\2.0.21\618b539767b4899b4660a83006e052b63f1db551\kotlin-stdlib-2.0.21.jar;C:\Users\Hanif\.gradle\caches\modules-2\files-2.1\org.jetbrains.kotlin\kotlin-script-runtime\2.0.21\c9b044380ad41f89aa89aa896c2d32a8c0b2129d\kotlin-script-runtime-2.0.21.jar;C:\Users\Hanif\.gradle\caches\modules-2\files-2.1\org.jetbrains.kotlin\kotlin-reflect\1.6.10\1cbe9c92c12a94eea200d23c2bbaedaf3daf5132\kotlin-reflect-1.6.10.jar;C:\Users\Hanif\.gradle\caches\modules-2\files-2.1\org.jetbrains.kotlin\kotlin-daemon-embeddable\2.0.21\c9e933b23287de9b5a17e2116b4657bb91aea72c\kotlin-daemon-embeddable-2.0.21.jar;C:\Users\Hanif\.gradle\caches\modules-2\files-2.1\org.jetbrains.intellij.deps\trove4j\1.0.20200330\3afb14d5f9ceb459d724e907a21145e8ff394f02\trove4j-1.0.20200330.jar;C:\Users\Hanif\.gradle\caches\modules-2\files-2.1\org.jetbrains.kotlinx\kotlinx-coroutines-core-jvm\1.6.4\2c997cd1c0ef33f3e751d3831929aeff1390cb30\kotlinx-coroutines-core-jvm-1.6.4.jar;C:\Users\Hanif\.gradle\caches\modules-2\files-2.1\org.jetbrains\annotations\13.0\919f0dfe192fb4e063e7dacadee7f8bb9a2672a9\annotations-13.0.jar
Launcher Type: SUN_STANDARD

[Global flags]
     intx CICompilerCount                          = 4                                         {product} {ergonomic}
     uint ConcGCThreads                            = 2                                         {product} {ergonomic}
     uint G1ConcRefinementThreads                  = 8                                         {product} {ergonomic}
   size_t G1HeapRegionSize                         = 2097152                                   {product} {ergonomic}
    uintx GCDrainStackTargetSize                   = 64                                        {product} {ergonomic}
   size_t InitialHeapSize                          = 266338304                                 {product} {ergonomic}
   size_t MarkStackSize                            = 4194304                                   {product} {ergonomic}
   size_t MaxHeapSize                              = 4238344192                                {product} {ergonomic}
   size_t MinHeapDeltaBytes                        = 2097152                                   {product} {ergonomic}
   size_t MinHeapSize                              = 8388608                                   {product} {ergonomic}
    uintx NonNMethodCodeHeapSize                   = 5839372                                {pd product} {ergonomic}
    uintx NonProfiledCodeHeapSize                  = 122909434                              {pd product} {ergonomic}
    uintx ProfiledCodeHeapSize                     = 122909434                              {pd product} {ergonomic}
    uintx ReservedCodeCacheSize                    = 251658240                              {pd product} {ergonomic}
     bool SegmentedCodeCache                       = true                                      {product} {ergonomic}
   size_t SoftMaxHeapSize                          = 4238344192                             {manageable} {ergonomic}
     bool UseCompressedOops                        = true                           {product lp64_product} {ergonomic}
     bool UseG1GC                                  = true                                      {product} {ergonomic}
     bool UseLargePagesIndividualAllocation        = false                                  {pd product} {ergonomic}

Logging:
Log output configuration:
 #0: stdout all=warning uptime,level,tags foldmultilines=false
 #1: stderr all=off uptime,level,tags foldmultilines=false

Environment Variables:
PATH=C:\Windows\system32;C:\Windows;C:\Windows\System32\Wbem;C:\Windows\System32\WindowsPowerShell\v1.0\;C:\Windows\System32\OpenSSH\;C:\Program Files (x86)\NVIDIA Corporation\PhysX\Common;C:\Program Files\NVIDIA Corporation\NVIDIA NvDLISR;C:\WINDOWS\system32;C:\WINDOWS;C:\WINDOWS\System32\Wbem;C:\WINDOWS\System32\WindowsPowerShell\v1.0\;C:\WINDOWS\System32\OpenSSH\;C:\xampp\php;C:\ProgramData\ComposerSetup\bin;C:\Program Files\Git\cmd;C:\php-8.3.3;C:\ProgramData\chocolatey\bin;C:\Program Files\nodejs\;ffmpeg\bin;D:\Program Files\cursor\resources\app\bin;C:\Program Files\dotnet\;C:\Users\Hanif\AppData\Local\Programs\Python\Python313\Scripts\;C:\Users\Hanif\AppData\Local\Programs\Python\Python313\;C:\Users\Hanif\AppData\Local\Programs\Python\Python311\Scripts\;C:\Users\Hanif\AppData\Local\Programs\Python\Python311\;C:\Users\Hanif\AppData\Local\Microsoft\WindowsApps;C:\Users\Hanif\AppData\Local\Programs\Microsoft VS Code\bin;C:\Users\Hanif\AppData\Roaming\Composer\vendor\bin;C:\Users\Hanif\AppData\Local\Programs\mongosh\;C:\tools\dart-sdk\bin;C:\Users\Hanif\AppData\Local\Pub\Cache\bin;C:\Users\Hanif\Documents\dartsdk-windows-x64-release\dart-sdk;C:\Users\Hanif\AppData\Roaming\npm;C:\Users\Hanif\AppData\Local\Python\bin
USERNAME=Hanif
OS=Windows_NT
PROCESSOR_IDENTIFIER=Intel64 Family 6 Model 140 Stepping 2, GenuineIntel
TMP=C:\Users\Hanif\AppData\Local\Temp
TEMP=C:\Users\Hanif\AppData\Local\Temp




Periodic native trim disabled

JNI global refs:
JNI global refs: 0, weak refs: 0

JNI global refs memory usage: 0, weak refs: 0

Process memory usage:
Resident Set Size: 11820K (0% of 16555316K total physical memory with 1831432K free physical memory)

OOME stack traces (most recent first):
Classloader memory used:

---------------  S Y S T E M  ---------------

OS:
 Windows 11 , 64 bit Build 22621 (10.0.22621.5415)
OS uptime: 0 days 16:33 hours
Hyper-V role detected

CPU: total 8 (initial active 8) (4 cores per cpu, 2 threads per core) family 6 model 140 stepping 2 microcode 0x38, cx8, cmov, fxsr, ht, mmx, 3dnowpref, sse, sse2, sse3, ssse3, sse4.1, sse4.2, popcnt, lzcnt, tsc, tscinvbit, avx, avx2, aes, erms, clmul, bmi1, bmi2, adx, avx512f, avx512dq, avx512cd, avx512bw, avx512vl, sha, fma, vzeroupper, avx512_vpopcntdq, avx512_vpclmulqdq, avx512_vaes, avx512_vnni, clflush, clflushopt, clwb, avx512_vbmi2, avx512_vbmi, hv, rdtscp, rdpid, fsrm, gfni, avx512_bitalg, f16c, cet_ibt, cet_ss, avx512_ifma
Processor Information for the first 8 processors :
  Max Mhz: 3187, Current Mhz: 3187, Mhz Limit: 3187

Memory: 4k page, system-wide physical 16167M (1788M free)
TotalPageFile size 17918M (AvailPageFile size 197M)
current process WorkingSet (physical memory assigned to process): 11M, peak: 11M
current process commit charge ("private bytes"): 60M, peak: 314M

vm_info: OpenJDK 64-Bit Server VM (21.0.8+-14018985-b1038.68) for windows-amd64 JRE (21.0.8+-14018985-b1038.68), built on 2025-08-29T19:56:34Z by "builder" with MS VC++ 16.10 / 16.11 (VS2019)

END.
